<?xml version="1.0" encoding="utf-8" standalone="no"?>
<!--This file represents the results of running a test suite-->
<test-results name="C:\Pandu\GitHub\c-sharp\demos\ePoll\ePoll.UnitTests\bin\Debug\ePoll.UnitTests.dll" total="1" errors="0" failures="0" not-run="0" inconclusive="0" ignored="0" skipped="0" invalid="0" date="2013-10-02" time="15:05:59">
  <environment nunit-version="2.6.1.12217" clr-version="2.0.50727.5472" os-version="Microsoft Windows NT 6.1.7601 Service Pack 1" platform="Win32NT" cwd="C:\Pandu\GitHub\c-sharp\demos\ePoll\ePoll.UnitTests\bin\Debug" machine-name="MASABATHULA1PC" user="masabathula1" user-domain="MASABATHULA1PC" />
  <culture-info current-culture="en-US" current-uiculture="en-US" />
  <test-suite type="Assembly" name="C:\Pandu\GitHub\c-sharp\demos\ePoll\ePoll.UnitTests\bin\Debug\ePoll.UnitTests.dll" executed="True" result="Success" success="True" time="0.124" asserts="0">
    <results>
      <test-suite type="Namespace" name="ePoll" executed="True" result="Success" success="True" time="0.118" asserts="0">
        <results>
          <test-suite type="Namespace" name="UnitTests" executed="True" result="Success" success="True" time="0.118" asserts="0">
            <results>
              <test-suite type="TestFixture" name="GetPollQuestion" executed="True" result="Success" success="True" time="0.117" asserts="0">
                <results>
                  <test-case name="ePoll.UnitTests.GetPollQuestion.GetsActivePollQuestion" executed="True" result="Success" success="True" time="0.111" asserts="1" />
                </results>
              </test-suite>
            </results>
          </test-suite>
        </results>
      </test-suite>
    </results>
  </test-suite>
</test-results>